{"/home/kaio/Desktop/college/pmv-ads-2023-1-e4-proj-infra-t3-estacionamentoeixo4/src/api_producer/src/app.module.ts": {"path":"/home/kaio/Desktop/college/pmv-ads-2023-1-e4-proj-infra-t3-estacionamentoeixo4/src/api_producer/src/app.module.ts","statementMap":{"0":{"start":{"line":1,"column":0},"end":{"line":1,"column":71}},"1":{"start":{"line":2,"column":0},"end":{"line":2,"column":47}},"2":{"start":{"line":4,"column":0},"end":{"line":4,"column":48}},"3":{"start":{"line":5,"column":0},"end":{"line":5,"column":57}},"4":{"start":{"line":6,"column":0},"end":{"line":6,"column":46}},"5":{"start":{"line":7,"column":0},"end":{"line":7,"column":54}},"6":{"start":{"line":9,"column":0},"end":{"line":9,"column":56}},"7":{"start":{"line":26,"column":7},"end":{"line":26,"column":null}},"8":{"start":{"line":26,"column":13},"end":{"line":26,"column":null}},"9":{"start":{"line":26,"column":13},"end":{"line":26,"column":22}}},"fnMap":{},"branchMap":{},"s":{"0":0,"1":0,"2":0,"3":0,"4":0,"5":0,"6":0,"7":0,"8":0,"9":0},"f":{},"b":{}}
,"/home/kaio/Desktop/college/pmv-ads-2023-1-e4-proj-infra-t3-estacionamentoeixo4/src/api_producer/src/main.ts": {"path":"/home/kaio/Desktop/college/pmv-ads-2023-1-e4-proj-infra-t3-estacionamentoeixo4/src/api_producer/src/main.ts","statementMap":{"0":{"start":{"line":1,"column":0},"end":{"line":1,"column":43}},"1":{"start":{"line":2,"column":0},"end":{"line":2,"column":41}},"2":{"start":{"line":3,"column":0},"end":{"line":3,"column":48}},"3":{"start":{"line":4,"column":0},"end":{"line":4,"column":28}},"4":{"start":{"line":5,"column":0},"end":{"line":5,"column":23}},"5":{"start":{"line":11,"column":14},"end":{"line":11,"column":49}},"6":{"start":{"line":13,"column":2},"end":{"line":13,"column":43}},"7":{"start":{"line":22,"column":2},"end":{"line":22,"column":34}},"8":{"start":{"line":23,"column":2},"end":{"line":27,"column":4}},"9":{"start":{"line":28,"column":2},"end":{"line":34,"column":4}},"10":{"start":{"line":35,"column":2},"end":{"line":35,"column":28}},"11":{"start":{"line":36,"column":2},"end":{"line":40,"column":4}},"12":{"start":{"line":42,"column":2},"end":{"line":42,"column":19}},"13":{"start":{"line":44,"column":2},"end":{"line":44,"column":38}},"14":{"start":{"line":47,"column":15},"end":{"line":47,"column":39}},"15":{"start":{"line":48,"column":2},"end":{"line":48,"column":25}},"16":{"start":{"line":50,"column":0},"end":{"line":50,"column":12}}},"fnMap":{"0":{"name":"bootstrap","decl":{"start":{"line":10,"column":15},"end":{"line":10,"column":24}},"loc":{"start":{"line":10,"column":24},"end":{"line":49,"column":1}}}},"branchMap":{"0":{"loc":{"start":{"line":47,"column":15},"end":{"line":47,"column":39}},"type":"binary-expr","locations":[{"start":{"line":47,"column":15},"end":{"line":47,"column":31}},{"start":{"line":47,"column":35},"end":{"line":47,"column":39}}]}},"s":{"0":0,"1":0,"2":0,"3":0,"4":0,"5":0,"6":0,"7":0,"8":0,"9":0,"10":0,"11":0,"12":0,"13":0,"14":0,"15":0,"16":0},"f":{"0":0},"b":{"0":[0,0]}}
,"/home/kaio/Desktop/college/pmv-ads-2023-1-e4-proj-infra-t3-estacionamentoeixo4/src/api_producer/src/auth/auth.controller.ts": {"path":"/home/kaio/Desktop/college/pmv-ads-2023-1-e4-proj-infra-t3-estacionamentoeixo4/src/api_producer/src/auth/auth.controller.ts","statementMap":{"0":{"start":{"line":1,"column":0},"end":{"line":1,"column":56}},"1":{"start":{"line":2,"column":0},"end":{"line":2,"column":45}},"2":{"start":{"line":3,"column":0},"end":{"line":3,"column":45}},"3":{"start":{"line":6,"column":7},"end":{"line":23,"column":null}},"4":{"start":{"line":7,"column":22},"end":{"line":7,"column":35}},"5":{"start":{"line":11,"column":4},"end":{"line":11,"column":46}},"6":{"start":{"line":16,"column":4},"end":{"line":16,"column":30}},"7":{"start":{"line":21,"column":4},"end":{"line":21,"column":36}},"8":{"start":{"line":9,"column":2},"end":{"line":12,"column":null}},"9":{"start":{"line":14,"column":2},"end":{"line":17,"column":null}},"10":{"start":{"line":19,"column":2},"end":{"line":22,"column":null}},"11":{"start":{"line":6,"column":13},"end":{"line":23,"column":null}},"12":{"start":{"line":6,"column":13},"end":{"line":6,"column":27}}},"fnMap":{"0":{"name":"(anonymous_4)","decl":{"start":{"line":7,"column":2},"end":{"line":7,"column":22}},"loc":{"start":{"line":7,"column":46},"end":{"line":7,"column":50}}},"1":{"name":"(anonymous_5)","decl":{"start":{"line":10,"column":2},"end":{"line":10,"column":13}},"loc":{"start":{"line":10,"column":44},"end":{"line":12,"column":3}}},"2":{"name":"(anonymous_6)","decl":{"start":{"line":15,"column":2},"end":{"line":15,"column":8}},"loc":{"start":{"line":15,"column":8},"end":{"line":17,"column":3}}},"3":{"name":"(anonymous_7)","decl":{"start":{"line":20,"column":2},"end":{"line":20,"column":14}},"loc":{"start":{"line":20,"column":14},"end":{"line":22,"column":3}}}},"branchMap":{},"s":{"0":0,"1":0,"2":0,"3":0,"4":0,"5":0,"6":0,"7":0,"8":0,"9":0,"10":0,"11":0,"12":0},"f":{"0":0,"1":0,"2":0,"3":0},"b":{}}
,"/home/kaio/Desktop/college/pmv-ads-2023-1-e4-proj-infra-t3-estacionamentoeixo4/src/api_producer/src/auth/auth.module.ts": {"path":"/home/kaio/Desktop/college/pmv-ads-2023-1-e4-proj-infra-t3-estacionamentoeixo4/src/api_producer/src/auth/auth.module.ts","statementMap":{"0":{"start":{"line":1,"column":0},"end":{"line":1,"column":40}},"1":{"start":{"line":2,"column":0},"end":{"line":2,"column":51}},"2":{"start":{"line":3,"column":0},"end":{"line":3,"column":45}},"3":{"start":{"line":4,"column":0},"end":{"line":4,"column":57}},"4":{"start":{"line":11,"column":7},"end":{"line":11,"column":null}},"5":{"start":{"line":11,"column":13},"end":{"line":11,"column":null}},"6":{"start":{"line":11,"column":13},"end":{"line":11,"column":23}}},"fnMap":{},"branchMap":{},"s":{"0":0,"1":0,"2":0,"3":0,"4":0,"5":0,"6":0},"f":{},"b":{}}
,"/home/kaio/Desktop/college/pmv-ads-2023-1-e4-proj-infra-t3-estacionamentoeixo4/src/api_producer/src/auth/auth.service.ts": {"path":"/home/kaio/Desktop/college/pmv-ads-2023-1-e4-proj-infra-t3-estacionamentoeixo4/src/api_producer/src/auth/auth.service.ts","statementMap":{"0":{"start":{"line":1,"column":0},"end":{"line":1,"column":44}},"1":{"start":{"line":2,"column":0},"end":{"line":2,"column":59}},"2":{"start":{"line":6,"column":7},"end":{"line":20,"column":null}},"3":{"start":{"line":8,"column":24},"end":{"line":8,"column":32}},"4":{"start":{"line":6,"column":13},"end":{"line":20,"column":null}},"5":{"start":{"line":6,"column":13},"end":{"line":6,"column":24}}},"fnMap":{"0":{"name":"(anonymous_2)","decl":{"start":{"line":8,"column":4},"end":{"line":8,"column":24}},"loc":{"start":{"line":8,"column":45},"end":{"line":8,"column":50}}},"1":{"name":"(anonymous_3)","decl":{"start":{"line":11,"column":4},"end":{"line":11,"column":15}},"loc":{"start":{"line":11,"column":33},"end":{"line":14,"column":6}}},"2":{"name":"(anonymous_4)","decl":{"start":{"line":16,"column":4},"end":{"line":16,"column":10}},"loc":{"start":{"line":16,"column":10},"end":{"line":16,"column":16}}},"3":{"name":"(anonymous_5)","decl":{"start":{"line":18,"column":4},"end":{"line":18,"column":16}},"loc":{"start":{"line":18,"column":16},"end":{"line":18,"column":22}}}},"branchMap":{},"s":{"0":0,"1":0,"2":0,"3":0,"4":0,"5":0},"f":{"0":0,"1":0,"2":0,"3":0},"b":{}}
,"/home/kaio/Desktop/college/pmv-ads-2023-1-e4-proj-infra-t3-estacionamentoeixo4/src/api_producer/src/auth/dto/signin-dto.ts": {"path":"/home/kaio/Desktop/college/pmv-ads-2023-1-e4-proj-infra-t3-estacionamentoeixo4/src/api_producer/src/auth/dto/signin-dto.ts","statementMap":{"0":{"start":{"line":1,"column":0},"end":{"line":1,"column":74}},"1":{"start":{"line":4,"column":4},"end":{"line":6,"column":null}},"2":{"start":{"line":8,"column":4},"end":{"line":11,"column":null}},"3":{"start":{"line":3,"column":0},"end":{"line":3,"column":13}}},"fnMap":{},"branchMap":{},"s":{"0":0,"1":0,"2":0,"3":0},"f":{},"b":{}}
,"/home/kaio/Desktop/college/pmv-ads-2023-1-e4-proj-infra-t3-estacionamentoeixo4/src/api_producer/src/cliente/cliente.controller.ts": {"path":"/home/kaio/Desktop/college/pmv-ads-2023-1-e4-proj-infra-t3-estacionamentoeixo4/src/api_producer/src/cliente/cliente.controller.ts","statementMap":{"0":{"start":{"line":1,"column":0},"end":{"line":1,"column":null}},"1":{"start":{"line":10,"column":0},"end":{"line":10,"column":51}},"2":{"start":{"line":11,"column":0},"end":{"line":11,"column":60}},"3":{"start":{"line":12,"column":0},"end":{"line":12,"column":59}},"4":{"start":{"line":15,"column":7},"end":{"line":42,"column":null}},"5":{"start":{"line":16,"column":31},"end":{"line":16,"column":47}},"6":{"start":{"line":20,"column":4},"end":{"line":20,"column":56}},"7":{"start":{"line":25,"column":4},"end":{"line":25,"column":41}},"8":{"start":{"line":30,"column":4},"end":{"line":30,"column":44}},"9":{"start":{"line":35,"column":4},"end":{"line":35,"column":61}},"10":{"start":{"line":40,"column":4},"end":{"line":40,"column":43}},"11":{"start":{"line":18,"column":2},"end":{"line":21,"column":null}},"12":{"start":{"line":23,"column":2},"end":{"line":26,"column":null}},"13":{"start":{"line":28,"column":2},"end":{"line":31,"column":null}},"14":{"start":{"line":33,"column":2},"end":{"line":36,"column":null}},"15":{"start":{"line":38,"column":2},"end":{"line":41,"column":null}},"16":{"start":{"line":15,"column":13},"end":{"line":42,"column":null}},"17":{"start":{"line":15,"column":13},"end":{"line":15,"column":30}}},"fnMap":{"0":{"name":"(anonymous_4)","decl":{"start":{"line":16,"column":2},"end":{"line":16,"column":31}},"loc":{"start":{"line":16,"column":61},"end":{"line":16,"column":65}}},"1":{"name":"(anonymous_5)","decl":{"start":{"line":19,"column":2},"end":{"line":19,"column":8}},"loc":{"start":{"line":19,"column":51},"end":{"line":21,"column":3}}},"2":{"name":"(anonymous_6)","decl":{"start":{"line":24,"column":2},"end":{"line":24,"column":9}},"loc":{"start":{"line":24,"column":9},"end":{"line":26,"column":3}}},"3":{"name":"(anonymous_7)","decl":{"start":{"line":29,"column":2},"end":{"line":29,"column":9}},"loc":{"start":{"line":29,"column":33},"end":{"line":31,"column":3}}},"4":{"name":"(anonymous_8)","decl":{"start":{"line":34,"column":2},"end":{"line":34,"column":8}},"loc":{"start":{"line":34,"column":76},"end":{"line":36,"column":3}}},"5":{"name":"(anonymous_9)","decl":{"start":{"line":39,"column":2},"end":{"line":39,"column":8}},"loc":{"start":{"line":39,"column":32},"end":{"line":41,"column":3}}}},"branchMap":{},"s":{"0":0,"1":0,"2":0,"3":0,"4":0,"5":0,"6":0,"7":0,"8":0,"9":0,"10":0,"11":0,"12":0,"13":0,"14":0,"15":0,"16":0,"17":0},"f":{"0":0,"1":0,"2":0,"3":0,"4":0,"5":0},"b":{}}
,"/home/kaio/Desktop/college/pmv-ads-2023-1-e4-proj-infra-t3-estacionamentoeixo4/src/api_producer/src/cliente/cliente.module.ts": {"path":"/home/kaio/Desktop/college/pmv-ads-2023-1-e4-proj-infra-t3-estacionamentoeixo4/src/api_producer/src/cliente/cliente.module.ts","statementMap":{"0":{"start":{"line":1,"column":0},"end":{"line":1,"column":40}},"1":{"start":{"line":2,"column":0},"end":{"line":2,"column":51}},"2":{"start":{"line":3,"column":0},"end":{"line":3,"column":57}},"3":{"start":{"line":4,"column":0},"end":{"line":4,"column":59}},"4":{"start":{"line":11,"column":7},"end":{"line":11,"column":null}},"5":{"start":{"line":11,"column":13},"end":{"line":11,"column":null}},"6":{"start":{"line":11,"column":13},"end":{"line":11,"column":26}}},"fnMap":{},"branchMap":{},"s":{"0":0,"1":0,"2":0,"3":0,"4":0,"5":0,"6":0},"f":{},"b":{}}
,"/home/kaio/Desktop/college/pmv-ads-2023-1-e4-proj-infra-t3-estacionamentoeixo4/src/api_producer/src/cliente/cliente.service.ts": {"path":"/home/kaio/Desktop/college/pmv-ads-2023-1-e4-proj-infra-t3-estacionamentoeixo4/src/api_producer/src/cliente/cliente.service.ts","statementMap":{"0":{"start":{"line":1,"column":0},"end":{"line":1,"column":null}},"1":{"start":{"line":11,"column":0},"end":{"line":11,"column":59}},"2":{"start":{"line":16,"column":7},"end":{"line":85,"column":null}},"3":{"start":{"line":18,"column":21},"end":{"line":18,"column":39}},"4":{"start":{"line":19,"column":44},"end":{"line":19,"column":63}},"5":{"start":{"line":28,"column":25},"end":{"line":30,"column":6}},"6":{"start":{"line":32,"column":4},"end":{"line":36,"column":null}},"7":{"start":{"line":33,"column":6},"end":{"line":35,"column":8}},"8":{"start":{"line":38,"column":35},"end":{"line":40,"column":6}},"9":{"start":{"line":42,"column":4},"end":{"line":46,"column":null}},"10":{"start":{"line":43,"column":6},"end":{"line":45,"column":8}},"11":{"start":{"line":49,"column":4},"end":{"line":52,"column":6}},"12":{"start":{"line":53,"column":4},"end":{"line":53,"column":25}},"13":{"start":{"line":57,"column":39},"end":{"line":58,"column":null}},"14":{"start":{"line":61,"column":4},"end":{"line":63,"column":null}},"15":{"start":{"line":62,"column":6},"end":{"line":62,"column":29}},"16":{"start":{"line":64,"column":29},"end":{"line":64,"column":75}},"17":{"start":{"line":66,"column":4},"end":{"line":66,"column":79}},"18":{"start":{"line":66,"column":27},"end":{"line":66,"column":79}},"19":{"start":{"line":68,"column":4},"end":{"line":68,"column":68}},"20":{"start":{"line":70,"column":4},"end":{"line":70,"column":28}},"21":{"start":{"line":74,"column":4},"end":{"line":74,"column":47}},"22":{"start":{"line":78,"column":17},"end":{"line":78,"column":33}},"23":{"start":{"line":79,"column":4},"end":{"line":79,"column":55}},"24":{"start":{"line":83,"column":4},"end":{"line":83,"column":47}},"25":{"start":{"line":16,"column":13},"end":{"line":85,"column":null}},"26":{"start":{"line":16,"column":13},"end":{"line":16,"column":27}}},"fnMap":{"0":{"name":"(anonymous_4)","decl":{"start":{"line":17,"column":2},"end":{"line":17,"column":null}},"loc":{"start":{"line":19,"column":63},"end":{"line":20,"column":6}}},"1":{"name":"(anonymous_5)","decl":{"start":{"line":27,"column":2},"end":{"line":27,"column":7}},"loc":{"start":{"line":27,"column":49},"end":{"line":54,"column":3}}},"2":{"name":"(anonymous_6)","decl":{"start":{"line":56,"column":2},"end":{"line":56,"column":7}},"loc":{"start":{"line":56,"column":15},"end":{"line":71,"column":3}}},"3":{"name":"(anonymous_7)","decl":{"start":{"line":73,"column":2},"end":{"line":73,"column":9}},"loc":{"start":{"line":73,"column":20},"end":{"line":75,"column":3}}},"4":{"name":"(anonymous_8)","decl":{"start":{"line":77,"column":2},"end":{"line":77,"column":8}},"loc":{"start":{"line":77,"column":55},"end":{"line":80,"column":3}}},"5":{"name":"(anonymous_9)","decl":{"start":{"line":82,"column":2},"end":{"line":82,"column":8}},"loc":{"start":{"line":82,"column":19},"end":{"line":84,"column":3}}}},"branchMap":{"0":{"loc":{"start":{"line":32,"column":4},"end":{"line":36,"column":null}},"type":"if","locations":[{"start":{"line":32,"column":4},"end":{"line":36,"column":null}}]},"1":{"loc":{"start":{"line":42,"column":4},"end":{"line":46,"column":null}},"type":"if","locations":[{"start":{"line":42,"column":4},"end":{"line":46,"column":null}}]},"2":{"loc":{"start":{"line":61,"column":4},"end":{"line":63,"column":null}},"type":"if","locations":[{"start":{"line":61,"column":4},"end":{"line":63,"column":null}}]},"3":{"loc":{"start":{"line":66,"column":4},"end":{"line":66,"column":79}},"type":"if","locations":[{"start":{"line":66,"column":4},"end":{"line":66,"column":79}}]}},"s":{"0":0,"1":0,"2":0,"3":0,"4":0,"5":0,"6":0,"7":0,"8":0,"9":0,"10":0,"11":0,"12":0,"13":0,"14":0,"15":0,"16":0,"17":0,"18":0,"19":0,"20":0,"21":0,"22":0,"23":0,"24":0,"25":0,"26":0},"f":{"0":0,"1":0,"2":0,"3":0,"4":0,"5":0},"b":{"0":[0],"1":[0],"2":[0],"3":[0]}}
,"/home/kaio/Desktop/college/pmv-ads-2023-1-e4-proj-infra-t3-estacionamentoeixo4/src/api_producer/src/cliente/dto/create-cliente.dto.ts": {"path":"/home/kaio/Desktop/college/pmv-ads-2023-1-e4-proj-infra-t3-estacionamentoeixo4/src/api_producer/src/cliente/dto/create-cliente.dto.ts","statementMap":{"0":{"start":{"line":1,"column":0},"end":{"line":1,"column":65}},"1":{"start":{"line":4,"column":4},"end":{"line":7,"column":null}},"2":{"start":{"line":9,"column":4},"end":{"line":11,"column":null}},"3":{"start":{"line":13,"column":4},"end":{"line":16,"column":null}},"4":{"start":{"line":3,"column":0},"end":{"line":3,"column":13}}},"fnMap":{},"branchMap":{},"s":{"0":0,"1":0,"2":0,"3":0,"4":0},"f":{},"b":{}}
,"/home/kaio/Desktop/college/pmv-ads-2023-1-e4-proj-infra-t3-estacionamentoeixo4/src/api_producer/src/cliente/dto/update-client.dto.ts": {"path":"/home/kaio/Desktop/college/pmv-ads-2023-1-e4-proj-infra-t3-estacionamentoeixo4/src/api_producer/src/cliente/dto/update-client.dto.ts","statementMap":{"0":{"start":{"line":1,"column":0},"end":{"line":1,"column":51}},"1":{"start":{"line":2,"column":0},"end":{"line":2,"column":56}},"2":{"start":{"line":3,"column":0},"end":{"line":3,"column":65}},"3":{"start":{"line":6,"column":2},"end":{"line":9,"column":null}},"4":{"start":{"line":11,"column":2},"end":{"line":13,"column":null}},"5":{"start":{"line":15,"column":2},"end":{"line":18,"column":null}},"6":{"start":{"line":5,"column":0},"end":{"line":5,"column":13}}},"fnMap":{},"branchMap":{},"s":{"0":0,"1":0,"2":0,"3":0,"4":0,"5":0,"6":0},"f":{},"b":{}}
,"/home/kaio/Desktop/college/pmv-ads-2023-1-e4-proj-infra-t3-estacionamentoeixo4/src/api_producer/src/config/redis.config.ts": {"path":"/home/kaio/Desktop/college/pmv-ads-2023-1-e4-proj-infra-t3-estacionamentoeixo4/src/api_producer/src/config/redis.config.ts","statementMap":{"0":{"start":{"line":1,"column":0},"end":{"line":1,"column":55}},"1":{"start":{"line":3,"column":0},"end":{"line":3,"column":23}},"2":{"start":{"line":6,"column":13},"end":{"line":12,"column":2}}},"fnMap":{},"branchMap":{},"s":{"0":0,"1":0,"2":0},"f":{},"b":{}}
,"/home/kaio/Desktop/college/pmv-ads-2023-1-e4-proj-infra-t3-estacionamentoeixo4/src/api_producer/src/prisma/prisma.module.ts": {"path":"/home/kaio/Desktop/college/pmv-ads-2023-1-e4-proj-infra-t3-estacionamentoeixo4/src/api_producer/src/prisma/prisma.module.ts","statementMap":{"0":{"start":{"line":1,"column":0},"end":{"line":1,"column":40}},"1":{"start":{"line":2,"column":0},"end":{"line":2,"column":49}},"2":{"start":{"line":8,"column":7},"end":{"line":8,"column":null}},"3":{"start":{"line":8,"column":13},"end":{"line":8,"column":null}},"4":{"start":{"line":8,"column":13},"end":{"line":8,"column":25}}},"fnMap":{},"branchMap":{},"s":{"0":0,"1":0,"2":0,"3":0,"4":0},"f":{},"b":{}}
,"/home/kaio/Desktop/college/pmv-ads-2023-1-e4-proj-infra-t3-estacionamentoeixo4/src/api_producer/src/prisma/prisma.service.ts": {"path":"/home/kaio/Desktop/college/pmv-ads-2023-1-e4-proj-infra-t3-estacionamentoeixo4/src/api_producer/src/prisma/prisma.service.ts","statementMap":{"0":{"start":{"line":1,"column":0},"end":{"line":1,"column":null}},"1":{"start":{"line":7,"column":0},"end":{"line":7,"column":46}},"2":{"start":{"line":8,"column":0},"end":{"line":8,"column":23}},"3":{"start":{"line":10,"column":7},"end":{"line":36,"column":null}},"4":{"start":{"line":15,"column":4},"end":{"line":21,"column":7}},"5":{"start":{"line":24,"column":4},"end":{"line":24,"column":26}},"6":{"start":{"line":28,"column":4},"end":{"line":28,"column":29}},"7":{"start":{"line":32,"column":4},"end":{"line":34,"column":7}},"8":{"start":{"line":33,"column":6},"end":{"line":33,"column":24}},"9":{"start":{"line":10,"column":13},"end":{"line":36,"column":null}},"10":{"start":{"line":10,"column":13},"end":{"line":10,"column":26}}},"fnMap":{"0":{"name":"(anonymous_2)","decl":{"start":{"line":14,"column":2},"end":{"line":14,"column":null}},"loc":{"start":{"line":14,"column":2},"end":{"line":22,"column":3}}},"1":{"name":"(anonymous_3)","decl":{"start":{"line":23,"column":2},"end":{"line":23,"column":7}},"loc":{"start":{"line":23,"column":20},"end":{"line":25,"column":3}}},"2":{"name":"(anonymous_4)","decl":{"start":{"line":27,"column":2},"end":{"line":27,"column":7}},"loc":{"start":{"line":27,"column":23},"end":{"line":29,"column":3}}},"3":{"name":"(anonymous_5)","decl":{"start":{"line":31,"column":2},"end":{"line":31,"column":7}},"loc":{"start":{"line":31,"column":49},"end":{"line":35,"column":3}}},"4":{"name":"(anonymous_6)","decl":{"start":{"line":32,"column":27},"end":{"line":32,"column":32}},"loc":{"start":{"line":32,"column":38},"end":{"line":34,"column":5}}}},"branchMap":{},"s":{"0":0,"1":0,"2":0,"3":0,"4":0,"5":0,"6":0,"7":0,"8":0,"9":0,"10":0},"f":{"0":0,"1":0,"2":0,"3":0,"4":0},"b":{}}
}
